info: Server started at http://localhost:5000/api/v1/ {"timestamp":"2022-02-07T14:23:43.320Z"}
info: Connected to the database. {"timestamp":"2022-02-07T14:23:43.360Z"}
info: Server started at http://localhost:5000/api/v1/ {"timestamp":"2022-02-07T14:33:23.702Z"}
info: Connected to the database. {"timestamp":"2022-02-07T14:33:23.772Z"}
info: Server started at http://localhost:5000/api/v1/ {"timestamp":"2022-02-07T14:33:27.451Z"}
info: Connected to the database. {"timestamp":"2022-02-07T14:33:27.475Z"}
info: Server started at http://localhost:5000/api/v1/ {"timestamp":"2022-02-07T15:20:56.290Z"}
info: Connected to the database. {"timestamp":"2022-02-07T15:20:56.307Z"}
info: Server started at http://localhost:5000/api/v1/ {"timestamp":"2022-02-07T15:21:30.009Z"}
info: Connected to the database. {"timestamp":"2022-02-07T15:21:30.027Z"}
info: Server started at http://localhost:5000/api/v1/ {"timestamp":"2022-02-07T15:21:46.661Z"}
info: Connected to the database. {"timestamp":"2022-02-07T15:21:46.674Z"}
info: Server started at http://localhost:5000/api/v1/ {"timestamp":"2022-02-07T15:22:31.802Z"}
info: Connected to the database. {"timestamp":"2022-02-07T15:22:31.817Z"}
info: Server started at http://localhost:5000/api/v1/ {"timestamp":"2022-02-07T15:22:35.373Z"}
info: Connected to the database. {"timestamp":"2022-02-07T15:22:35.394Z"}
info: Server started at http://localhost:5000/api/v1/ {"timestamp":"2022-02-07T15:24:10.391Z"}
info: Connected to the database. {"timestamp":"2022-02-07T15:24:10.408Z"}
info: Server started at http://localhost:5000/api/v1/ {"timestamp":"2022-02-07T15:24:36.512Z"}
info: Connected to the database. {"timestamp":"2022-02-07T15:24:36.527Z"}
info: Server started at http://localhost:5000/api/v1/ {"timestamp":"2022-02-07T15:25:07.544Z"}
info: Connected to the database. {"timestamp":"2022-02-07T15:25:07.572Z"}
info: Server started at http://localhost:5000/api/v1/ {"timestamp":"2022-02-07T15:25:29.737Z"}
info: Connected to the database. {"timestamp":"2022-02-07T15:25:29.751Z"}
info: Server started at http://localhost:5000/api/v1/ {"timestamp":"2022-02-07T15:25:48.973Z"}
info: Connected to the database. {"timestamp":"2022-02-07T15:25:48.987Z"}
info: Server started at http://localhost:5000/api/v1/ {"timestamp":"2022-02-07T15:27:21.938Z"}
info: Connected to the database. {"timestamp":"2022-02-07T15:27:21.951Z"}
info: Server started at http://localhost:5000/api/v1/ {"timestamp":"2022-02-07T15:27:44.977Z"}
info: Connected to the database. {"timestamp":"2022-02-07T15:27:44.992Z"}
info: Server started at http://localhost:5000/api/v1/ {"timestamp":"2022-02-07T15:27:52.301Z"}
info: Connected to the database. {"timestamp":"2022-02-07T15:27:52.318Z"}
info: Server started at http://localhost:5000/api/v1/ {"timestamp":"2022-02-07T15:28:02.549Z"}
info: Connected to the database. {"timestamp":"2022-02-07T15:28:02.563Z"}
info: Server started at http://localhost:5000/api/v1/ {"timestamp":"2022-02-07T15:28:05.543Z"}
info: Connected to the database. {"timestamp":"2022-02-07T15:28:05.564Z"}
info: Server started at http://localhost:5000/api/v1/ {"timestamp":"2022-02-07T15:28:08.051Z"}
info: Connected to the database. {"timestamp":"2022-02-07T15:28:08.068Z"}
info: Server started at http://localhost:5000/api/v1/ {"timestamp":"2022-02-07T15:28:31.254Z"}
info: Connected to the database. {"timestamp":"2022-02-07T15:28:31.267Z"}
info: Server started at http://localhost:5000/api/v1/ {"timestamp":"2022-02-07T15:28:42.160Z"}
info: Connected to the database. {"timestamp":"2022-02-07T15:28:42.176Z"}
info: Server started at http://localhost:5000/api/v1/ {"timestamp":"2022-02-07T15:28:45.588Z"}
info: Connected to the database. {"timestamp":"2022-02-07T15:28:45.607Z"}
info: Server started at http://localhost:5000/api/v1/ {"timestamp":"2022-02-07T15:28:48.775Z"}
info: Connected to the database. {"timestamp":"2022-02-07T15:28:48.797Z"}
info: Server started at http://localhost:5000/api/v1/ {"timestamp":"2022-02-07T15:28:51.455Z"}
info: Connected to the database. {"timestamp":"2022-02-07T15:28:51.474Z"}
info: Server started at http://localhost:5000/api/v1/ {"timestamp":"2022-02-07T15:29:01.177Z"}
info: Connected to the database. {"timestamp":"2022-02-07T15:29:01.192Z"}
info: Server started at http://localhost:5000/api/v1/ {"timestamp":"2022-02-07T15:29:09.032Z"}
info: Connected to the database. {"timestamp":"2022-02-07T15:29:09.047Z"}
info: Server started at http://localhost:5000/api/v1/ {"timestamp":"2022-02-07T15:29:20.497Z"}
info: Connected to the database. {"timestamp":"2022-02-07T15:29:20.513Z"}
info: Server started at http://localhost:5000/api/v1/ {"timestamp":"2022-02-07T15:29:35.756Z"}
info: Connected to the database. {"timestamp":"2022-02-07T15:29:35.771Z"}
info: Server started at http://localhost:5000/api/v1/ {"timestamp":"2022-02-07T15:29:40.859Z"}
info: Connected to the database. {"timestamp":"2022-02-07T15:29:40.874Z"}
info: Server started at http://localhost:5000/api/v1/ {"timestamp":"2022-02-07T15:29:45.945Z"}
info: Connected to the database. {"timestamp":"2022-02-07T15:29:45.961Z"}
info: Server started at http://localhost:5000/api/v1/ {"timestamp":"2022-02-07T15:30:08.541Z"}
info: Connected to the database. {"timestamp":"2022-02-07T15:30:08.556Z"}
info: Server started at http://localhost:5000/api/v1/ {"timestamp":"2022-02-07T15:30:18.689Z"}
info: Connected to the database. {"timestamp":"2022-02-07T15:30:18.711Z"}
info: Server started at http://localhost:5000/api/v1/ {"timestamp":"2022-02-07T15:35:02.139Z"}
info: Connected to the database. {"timestamp":"2022-02-07T15:35:02.156Z"}
info: Server started at http://localhost:5000/api/v1/ {"timestamp":"2022-02-07T15:35:05.958Z"}
info: Connected to the database. {"timestamp":"2022-02-07T15:35:05.972Z"}
info: Server started at http://localhost:5000/api/v1/ {"timestamp":"2022-02-07T15:35:10.235Z"}
info: Connected to the database. {"timestamp":"2022-02-07T15:35:10.251Z"}
info: Server started at http://localhost:5000/api/v1/ {"timestamp":"2022-02-07T15:35:14.083Z"}
info: Connected to the database. {"timestamp":"2022-02-07T15:35:14.104Z"}
info: Server started at http://localhost:5000/api/v1/ {"timestamp":"2022-02-07T15:35:34.912Z"}
info: Connected to the database. {"timestamp":"2022-02-07T15:35:34.931Z"}
info: Server started at http://localhost:5000/api/v1/ {"timestamp":"2022-02-07T15:35:39.098Z"}
info: Connected to the database. {"timestamp":"2022-02-07T15:35:39.114Z"}
info: Server started at http://localhost:5000/api/v1/ {"timestamp":"2022-02-07T15:35:41.742Z"}
info: Connected to the database. {"timestamp":"2022-02-07T15:35:41.757Z"}
info: Server started at http://localhost:5000/api/v1/ {"timestamp":"2022-02-07T15:35:49.096Z"}
info: Connected to the database. {"timestamp":"2022-02-07T15:35:49.112Z"}
info: Server started at http://localhost:5000/api/v1/ {"timestamp":"2022-02-07T15:35:55.775Z"}
info: Connected to the database. {"timestamp":"2022-02-07T15:35:55.791Z"}
info: Server started at http://localhost:5000/api/v1/ {"timestamp":"2022-02-07T15:36:00.156Z"}
info: Connected to the database. {"timestamp":"2022-02-07T15:36:00.172Z"}
info: Server started at http://localhost:5000/api/v1/ {"timestamp":"2022-02-07T15:36:09.867Z"}
info: Connected to the database. {"timestamp":"2022-02-07T15:36:09.884Z"}
info: Server started at http://localhost:5000/api/v1/ {"timestamp":"2022-02-07T15:36:15.193Z"}
info: Connected to the database. {"timestamp":"2022-02-07T15:36:15.206Z"}
info: Server started at http://localhost:5000/api/v1/ {"timestamp":"2022-02-07T15:36:18.866Z"}
info: Connected to the database. {"timestamp":"2022-02-07T15:36:18.881Z"}
info: Server started at http://localhost:5000/api/v1/ {"timestamp":"2022-02-07T15:36:28.115Z"}
info: Connected to the database. {"timestamp":"2022-02-07T15:36:28.132Z"}
info: Server started at http://localhost:5000/api/v1/ {"timestamp":"2022-02-07T15:36:35.665Z"}
info: Connected to the database. {"timestamp":"2022-02-07T15:36:35.681Z"}
info: Server started at http://localhost:5000/api/v1/ {"timestamp":"2022-02-07T15:36:41.456Z"}
info: Connected to the database. {"timestamp":"2022-02-07T15:36:41.471Z"}
info: Server started at http://localhost:5000/api/v1/ {"timestamp":"2022-02-07T15:36:44.231Z"}
info: Connected to the database. {"timestamp":"2022-02-07T15:36:44.246Z"}
info: Server started at http://localhost:5000/api/v1/ {"timestamp":"2022-02-07T15:36:48.321Z"}
info: Connected to the database. {"timestamp":"2022-02-07T15:36:48.337Z"}
info: Server started at http://localhost:5000/api/v1/ {"timestamp":"2022-02-07T15:37:36.510Z"}
info: Connected to the database. {"timestamp":"2022-02-07T15:37:36.527Z"}
info: Server started at http://localhost:5000/api/v1/ {"timestamp":"2022-02-07T15:37:44.917Z"}
info: Connected to the database. {"timestamp":"2022-02-07T15:37:44.931Z"}
info: Server started at http://localhost:5000/api/v1/ {"timestamp":"2022-02-07T15:37:47.387Z"}
info: Connected to the database. {"timestamp":"2022-02-07T15:37:47.400Z"}
info: Server started at http://localhost:5000/api/v1/ {"timestamp":"2022-02-07T15:37:52.511Z"}
info: Connected to the database. {"timestamp":"2022-02-07T15:37:52.526Z"}
info: Server started at http://localhost:5000/api/v1/ {"timestamp":"2022-02-07T15:38:00.674Z"}
info: Connected to the database. {"timestamp":"2022-02-07T15:38:00.690Z"}
info: Server started at http://localhost:5000/api/v1/ {"timestamp":"2022-02-07T15:38:10.118Z"}
info: Connected to the database. {"timestamp":"2022-02-07T15:38:10.132Z"}
info: Server started at http://localhost:5000/api/v1/ {"timestamp":"2022-02-07T15:38:17.070Z"}
info: Connected to the database. {"timestamp":"2022-02-07T15:38:17.084Z"}
info: Server started at http://localhost:5000/api/v1/ {"timestamp":"2022-02-07T15:38:25.542Z"}
info: Connected to the database. {"timestamp":"2022-02-07T15:38:25.557Z"}
info: Server started at http://localhost:5000/api/v1/ {"timestamp":"2022-02-07T15:38:34.514Z"}
info: Connected to the database. {"timestamp":"2022-02-07T15:38:34.533Z"}
info: Server started at http://localhost:5000/api/v1/ {"timestamp":"2022-02-07T15:39:09.989Z"}
info: Connected to the database. {"timestamp":"2022-02-07T15:39:10.007Z"}
info: Server started at http://localhost:5000/api/v1/ {"timestamp":"2022-02-07T15:39:16.850Z"}
info: Connected to the database. {"timestamp":"2022-02-07T15:39:16.865Z"}
info: Server started at http://localhost:5000/api/v1/ {"timestamp":"2022-02-07T15:39:23.474Z"}
info: Connected to the database. {"timestamp":"2022-02-07T15:39:23.490Z"}
info: Server started at http://localhost:5000/api/v1/ {"timestamp":"2022-02-07T15:39:32.208Z"}
info: Connected to the database. {"timestamp":"2022-02-07T15:39:32.224Z"}
info: Server started at http://localhost:5000/api/v1/ {"timestamp":"2022-02-07T15:39:51.791Z"}
info: Connected to the database. {"timestamp":"2022-02-07T15:39:51.808Z"}
info: Server started at http://localhost:5000/api/v1/ {"timestamp":"2022-02-07T15:41:30.262Z"}
info: Connected to the database. {"timestamp":"2022-02-07T15:41:30.278Z"}
info: Server started at http://localhost:5000/api/v1/ {"timestamp":"2022-02-07T15:41:38.686Z"}
info: Connected to the database. {"timestamp":"2022-02-07T15:41:38.701Z"}
info: Server started at http://localhost:5000/api/v1/ {"timestamp":"2022-02-07T15:41:43.469Z"}
info: Connected to the database. {"timestamp":"2022-02-07T15:41:43.484Z"}
info: Server started at http://localhost:5000/api/v1/ {"timestamp":"2022-02-07T15:42:09.283Z"}
info: Connected to the database. {"timestamp":"2022-02-07T15:42:09.299Z"}
info: Server started at http://localhost:5000/api/v1/ {"timestamp":"2022-02-07T15:42:13.328Z"}
info: Connected to the database. {"timestamp":"2022-02-07T15:42:13.342Z"}
info: Server started at http://localhost:5000/api/v1/ {"timestamp":"2022-02-07T15:42:16.569Z"}
info: Connected to the database. {"timestamp":"2022-02-07T15:42:16.585Z"}
info: Server started at http://localhost:5000/api/v1/ {"timestamp":"2022-02-07T15:42:21.135Z"}
info: Connected to the database. {"timestamp":"2022-02-07T15:42:21.149Z"}
info: Server started at http://localhost:5000/api/v1/ {"timestamp":"2022-02-07T15:42:25.317Z"}
info: Connected to the database. {"timestamp":"2022-02-07T15:42:25.333Z"}
info: Server started at http://localhost:5000/api/v1/ {"timestamp":"2022-02-07T15:42:29.181Z"}
info: Connected to the database. {"timestamp":"2022-02-07T15:42:29.199Z"}
info: Server started at http://localhost:5000/api/v1/ {"timestamp":"2022-02-07T15:42:36.337Z"}
info: Connected to the database. {"timestamp":"2022-02-07T15:42:36.354Z"}
info: Server started at http://localhost:5000/api/v1/ {"timestamp":"2022-02-07T15:44:32.655Z"}
info: Connected to the database. {"timestamp":"2022-02-07T15:44:32.671Z"}
info: Server started at http://localhost:5000/api/v1/ {"timestamp":"2022-02-07T15:44:36.522Z"}
info: Connected to the database. {"timestamp":"2022-02-07T15:44:36.537Z"}
info: Server started at http://localhost:5000/api/v1/ {"timestamp":"2022-02-07T15:44:41.450Z"}
info: Connected to the database. {"timestamp":"2022-02-07T15:44:41.464Z"}
info: Server started at http://localhost:5000/api/v1/ {"timestamp":"2022-02-07T15:44:49.499Z"}
info: Connected to the database. {"timestamp":"2022-02-07T15:44:49.515Z"}
info: Server started at http://localhost:5000/api/v1/ {"timestamp":"2022-02-07T15:49:55.837Z"}
info: Connected to the database. {"timestamp":"2022-02-07T15:49:55.852Z"}
info: Server started at http://localhost:5000/api/v1/ {"timestamp":"2022-02-07T15:49:58.804Z"}
info: Connected to the database. {"timestamp":"2022-02-07T15:49:58.819Z"}
info: Server started at http://localhost:5000/api/v1/ {"timestamp":"2022-02-07T15:50:06.649Z"}
info: Connected to the database. {"timestamp":"2022-02-07T15:50:06.664Z"}
info: Server started at http://localhost:5000/api/v1/ {"timestamp":"2022-02-07T15:50:09.667Z"}
info: Connected to the database. {"timestamp":"2022-02-07T15:50:09.682Z"}
info: Server started at http://localhost:5000/api/v1/ {"timestamp":"2022-02-07T15:50:27.515Z"}
info: Connected to the database. {"timestamp":"2022-02-07T15:50:27.533Z"}
info: Server started at http://localhost:5000/api/v1/ {"timestamp":"2022-02-07T15:50:31.252Z"}
info: Connected to the database. {"timestamp":"2022-02-07T15:50:31.266Z"}
info: Server started at http://localhost:5000/api/v1/ {"timestamp":"2022-02-07T15:50:46.058Z"}
info: Connected to the database. {"timestamp":"2022-02-07T15:50:46.072Z"}
info: Server started at http://localhost:5000/api/v1/ {"timestamp":"2022-02-07T15:51:14.950Z"}
info: Connected to the database. {"timestamp":"2022-02-07T15:51:14.969Z"}
info: Server started at http://localhost:5000/api/v1/ {"timestamp":"2022-02-07T15:52:15.132Z"}
info: Connected to the database. {"timestamp":"2022-02-07T15:52:15.151Z"}
info: Server started at http://localhost:5000/api/v1/ {"timestamp":"2022-02-07T15:52:17.811Z"}
info: Server started at http://localhost:5000/api/v1/ {"timestamp":"2022-02-07T15:52:20.183Z"}
info: Connected to the database. {"timestamp":"2022-02-07T15:52:20.200Z"}
info: Server started at http://localhost:5000/api/v1/ {"timestamp":"2022-02-07T15:52:22.512Z"}
info: Connected to the database. {"timestamp":"2022-02-07T15:52:22.526Z"}
info: Server started at http://localhost:5000/api/v1/ {"timestamp":"2022-02-07T15:52:26.140Z"}
info: Connected to the database. {"timestamp":"2022-02-07T15:52:26.165Z"}
info: Server started at http://localhost:5000/api/v1/ {"timestamp":"2022-02-07T15:52:34.160Z"}
info: Connected to the database. {"timestamp":"2022-02-07T15:52:34.175Z"}
info: Server started at http://localhost:5000/api/v1/ {"timestamp":"2022-02-07T15:52:38.599Z"}
info: Connected to the database. {"timestamp":"2022-02-07T15:52:38.612Z"}
info: Server started at http://localhost:5000/api/v1/ {"timestamp":"2022-02-07T15:52:46.375Z"}
info: Connected to the database. {"timestamp":"2022-02-07T15:52:46.389Z"}
info: Server started at http://localhost:5000/api/v1/ {"timestamp":"2022-02-07T15:52:54.121Z"}
info: Connected to the database. {"timestamp":"2022-02-07T15:52:54.137Z"}
info: Server started at http://localhost:5000/api/v1/ {"timestamp":"2022-02-07T15:52:56.952Z"}
info: Connected to the database. {"timestamp":"2022-02-07T15:52:56.969Z"}
info: Server started at http://localhost:5000/api/v1/ {"timestamp":"2022-02-07T15:53:15.666Z"}
info: Connected to the database. {"timestamp":"2022-02-07T15:53:15.681Z"}
info: Server started at http://localhost:5000/api/v1/ {"timestamp":"2022-02-07T15:53:23.806Z"}
info: Connected to the database. {"timestamp":"2022-02-07T15:53:23.822Z"}
info: Server started at http://localhost:5000/api/v1/ {"timestamp":"2022-02-07T15:53:33.715Z"}
info: Connected to the database. {"timestamp":"2022-02-07T15:53:33.730Z"}
info: Server started at http://localhost:5000/api/v1/ {"timestamp":"2022-02-07T15:53:36.150Z"}
info: Connected to the database. {"timestamp":"2022-02-07T15:53:36.165Z"}
info: Server started at http://localhost:5000/api/v1/ {"timestamp":"2022-02-07T15:53:39.319Z"}
info: Connected to the database. {"timestamp":"2022-02-07T15:53:39.333Z"}
info: Server started at http://localhost:5000/api/v1/ {"timestamp":"2022-02-07T15:53:42.983Z"}
info: Connected to the database. {"timestamp":"2022-02-07T15:53:43.000Z"}
info: Server started at http://localhost:5000/api/v1/ {"timestamp":"2022-02-07T15:53:49.789Z"}
info: Connected to the database. {"timestamp":"2022-02-07T15:53:49.807Z"}
info: Server started at http://localhost:5000/api/v1/ {"timestamp":"2022-02-07T15:53:55.345Z"}
info: Connected to the database. {"timestamp":"2022-02-07T15:53:55.363Z"}
info: Server started at http://localhost:5000/api/v1/ {"timestamp":"2022-02-07T15:54:02.848Z"}
info: Connected to the database. {"timestamp":"2022-02-07T15:54:02.873Z"}
info: Server started at http://localhost:5000/api/v1/ {"timestamp":"2022-02-07T15:54:05.521Z"}
info: Connected to the database. {"timestamp":"2022-02-07T15:54:05.535Z"}
info: Server started at http://localhost:5000/api/v1/ {"timestamp":"2022-02-07T15:54:08.674Z"}
info: Connected to the database. {"timestamp":"2022-02-07T15:54:08.691Z"}
info: Server started at http://localhost:5000/api/v1/ {"timestamp":"2022-02-07T15:54:15.137Z"}
info: Connected to the database. {"timestamp":"2022-02-07T15:54:15.154Z"}
info: Server started at http://localhost:5000/api/v1/ {"timestamp":"2022-02-07T15:54:17.901Z"}
info: Connected to the database. {"timestamp":"2022-02-07T15:54:17.915Z"}
info: Server started at http://localhost:5000/api/v1/ {"timestamp":"2022-02-07T15:54:24.417Z"}
info: Connected to the database. {"timestamp":"2022-02-07T15:54:24.439Z"}
info: Server started at http://localhost:5000/api/v1/ {"timestamp":"2022-02-07T15:54:28.971Z"}
info: Connected to the database. {"timestamp":"2022-02-07T15:54:28.989Z"}
info: Server started at http://localhost:5000/api/v1/ {"timestamp":"2022-02-07T15:54:32.562Z"}
info: Connected to the database. {"timestamp":"2022-02-07T15:54:32.580Z"}
info: Server started at http://localhost:5000/api/v1/ {"timestamp":"2022-02-07T15:54:36.699Z"}
info: Connected to the database. {"timestamp":"2022-02-07T15:54:36.716Z"}
info: Server started at http://localhost:5000/api/v1/ {"timestamp":"2022-02-07T15:54:55.195Z"}
info: Connected to the database. {"timestamp":"2022-02-07T15:54:55.209Z"}
info: Server started at http://localhost:5000/api/v1/ {"timestamp":"2022-02-07T15:55:17.464Z"}
info: Connected to the database. {"timestamp":"2022-02-07T15:55:17.479Z"}
info: Server started at http://localhost:5000/api/v1/ {"timestamp":"2022-02-07T15:55:22.021Z"}
info: Connected to the database. {"timestamp":"2022-02-07T15:55:22.044Z"}
info: Server started at http://localhost:5000/api/v1/ {"timestamp":"2022-02-07T15:55:25.679Z"}
info: Connected to the database. {"timestamp":"2022-02-07T15:55:25.696Z"}
info: Server started at http://localhost:5000/api/v1/ {"timestamp":"2022-02-07T15:55:56.339Z"}
info: Connected to the database. {"timestamp":"2022-02-07T15:55:56.353Z"}
info: Server started at http://localhost:5000/api/v1/ {"timestamp":"2022-02-07T15:56:02.703Z"}
info: Connected to the database. {"timestamp":"2022-02-07T15:56:02.717Z"}
info: Server started at http://localhost:5000/api/v1/ {"timestamp":"2022-02-07T16:01:31.145Z"}
info: Connected to the database. {"timestamp":"2022-02-07T16:01:31.159Z"}
info: Server started at http://localhost:5000/api/v1/ {"timestamp":"2022-02-07T16:01:51.412Z"}
info: Connected to the database. {"timestamp":"2022-02-07T16:01:51.430Z"}
info: Server started at http://localhost:5000/api/v1/ {"timestamp":"2022-02-07T16:03:47.112Z"}
info: Connected to the database. {"timestamp":"2022-02-07T16:03:47.127Z"}
info: Server started at http://localhost:5000/api/v1/ {"timestamp":"2022-02-07T16:03:51.514Z"}
info: Connected to the database. {"timestamp":"2022-02-07T16:03:51.528Z"}
info: Server started at http://localhost:5000/api/v1/ {"timestamp":"2022-02-07T16:03:53.935Z"}
info: Connected to the database. {"timestamp":"2022-02-07T16:03:53.950Z"}
info: Server started at http://localhost:5000/api/v1/ {"timestamp":"2022-02-07T16:05:03.453Z"}
info: Connected to the database. {"timestamp":"2022-02-07T16:05:03.468Z"}
info: Server started at http://localhost:5000/api/v1/ {"timestamp":"2022-02-07T16:05:06.714Z"}
info: Connected to the database. {"timestamp":"2022-02-07T16:05:06.729Z"}
info: Server started at http://localhost:5000/api/v1/ {"timestamp":"2022-02-07T16:05:27.782Z"}
info: Connected to the database. {"timestamp":"2022-02-07T16:05:27.796Z"}
info: Server started at http://localhost:5000/api/v1/ {"timestamp":"2022-02-07T16:07:08.149Z"}
info: Connected to the database. {"timestamp":"2022-02-07T16:07:08.164Z"}
info: Server started at http://localhost:5000/api/v1/ {"timestamp":"2022-02-07T16:07:13.827Z"}
info: Connected to the database. {"timestamp":"2022-02-07T16:07:13.846Z"}
info: Server started at http://localhost:5000/api/v1/ {"timestamp":"2022-02-07T16:07:21.224Z"}
info: Connected to the database. {"timestamp":"2022-02-07T16:07:21.245Z"}
info: Server started at http://localhost:5000/api/v1/ {"timestamp":"2022-02-07T16:07:26.444Z"}
info: Connected to the database. {"timestamp":"2022-02-07T16:07:26.462Z"}
info: Server started at http://localhost:5000/api/v1/ {"timestamp":"2022-02-07T16:07:30.268Z"}
info: Connected to the database. {"timestamp":"2022-02-07T16:07:30.281Z"}
info: Server started at http://localhost:5000/api/v1/ {"timestamp":"2022-02-07T16:07:35.475Z"}
info: Connected to the database. {"timestamp":"2022-02-07T16:07:35.489Z"}
info: Server started at http://localhost:5000/api/v1/ {"timestamp":"2022-02-07T16:08:16.112Z"}
info: Connected to the database. {"timestamp":"2022-02-07T16:08:16.128Z"}
info: Server started at http://localhost:5000/api/v1/ {"timestamp":"2022-02-07T16:08:24.296Z"}
info: Connected to the database. {"timestamp":"2022-02-07T16:08:24.318Z"}
info: Server started at http://localhost:5000/api/v1/ {"timestamp":"2022-02-07T16:09:01.506Z"}
info: Connected to the database. {"timestamp":"2022-02-07T16:09:01.526Z"}
info: Server started at http://localhost:5000/api/v1/ {"timestamp":"2022-02-07T16:10:08.322Z"}
info: Connected to the database. {"timestamp":"2022-02-07T16:10:08.339Z"}
info: Server started at http://localhost:5000/api/v1/ {"timestamp":"2022-02-07T16:10:16.818Z"}
info: Connected to the database. {"timestamp":"2022-02-07T16:10:16.833Z"}
info: Server started at http://localhost:5000/api/v1/ {"timestamp":"2022-02-07T16:10:20.210Z"}
info: Connected to the database. {"timestamp":"2022-02-07T16:10:20.226Z"}
info: Server started at http://localhost:5000/api/v1/ {"timestamp":"2022-02-07T16:11:12.866Z"}
info: Connected to the database. {"timestamp":"2022-02-07T16:11:12.880Z"}
info: Server started at http://localhost:5000/api/v1/ {"timestamp":"2022-02-07T16:11:15.649Z"}
info: Connected to the database. {"timestamp":"2022-02-07T16:11:15.662Z"}
info: Server started at http://localhost:5000/api/v1/ {"timestamp":"2022-02-07T16:11:39.229Z"}
info: Connected to the database. {"timestamp":"2022-02-07T16:11:39.247Z"}
info: Server started at http://localhost:5000/api/v1/ {"timestamp":"2022-02-07T16:11:44.800Z"}
info: Connected to the database. {"timestamp":"2022-02-07T16:11:44.817Z"}
info: Server started at http://localhost:5000/api/v1/ {"timestamp":"2022-02-07T16:11:57.210Z"}
info: Connected to the database. {"timestamp":"2022-02-07T16:11:57.224Z"}
info: Server started at http://localhost:5000/api/v1/ {"timestamp":"2022-02-07T16:12:02.348Z"}
info: Connected to the database. {"timestamp":"2022-02-07T16:12:02.362Z"}
info: Server started at http://localhost:5000/api/v1/ {"timestamp":"2022-02-07T16:12:08.218Z"}
info: Connected to the database. {"timestamp":"2022-02-07T16:12:08.232Z"}
info: Server started at http://localhost:5000/api/v1/ {"timestamp":"2022-02-07T16:12:13.926Z"}
info: Connected to the database. {"timestamp":"2022-02-07T16:12:13.943Z"}
info: Server started at http://localhost:5000/api/v1/ {"timestamp":"2022-02-07T16:12:16.432Z"}
info: Connected to the database. {"timestamp":"2022-02-07T16:12:16.447Z"}
info: Server started at http://localhost:5000/api/v1/ {"timestamp":"2022-02-07T16:13:02.418Z"}
info: Connected to the database. {"timestamp":"2022-02-07T16:13:02.433Z"}
info: Server started at http://localhost:5000/api/v1/ {"timestamp":"2022-02-07T16:13:20.553Z"}
info: Connected to the database. {"timestamp":"2022-02-07T16:13:20.566Z"}
info: Server started at http://localhost:5000/api/v1/ {"timestamp":"2022-02-07T16:14:45.845Z"}
info: Connected to the database. {"timestamp":"2022-02-07T16:14:45.859Z"}
info: Server started at http://localhost:5000/api/v1/ {"timestamp":"2022-02-07T16:15:11.622Z"}
info: Connected to the database. {"timestamp":"2022-02-07T16:15:11.639Z"}
info: Server started at http://localhost:5000/api/v1/ {"timestamp":"2022-02-07T16:15:18.015Z"}
info: Connected to the database. {"timestamp":"2022-02-07T16:15:18.029Z"}
info: Server started at http://localhost:5000/api/v1/ {"timestamp":"2022-02-07T16:16:18.311Z"}
info: Connected to the database. {"timestamp":"2022-02-07T16:16:18.327Z"}
info: Server started at http://localhost:5000/api/v1/ {"timestamp":"2022-02-07T16:16:35.107Z"}
info: Connected to the database. {"timestamp":"2022-02-07T16:16:35.121Z"}
info: Server started at http://localhost:5000/api/v1/ {"timestamp":"2022-02-07T16:16:39.270Z"}
info: Connected to the database. {"timestamp":"2022-02-07T16:16:39.285Z"}
info: Server started at http://localhost:5000/api/v1/ {"timestamp":"2022-02-07T16:16:47.819Z"}
info: Connected to the database. {"timestamp":"2022-02-07T16:16:47.836Z"}
info: Server started at http://localhost:5000/api/v1/ {"timestamp":"2022-02-07T16:18:05.813Z"}
info: Connected to the database. {"timestamp":"2022-02-07T16:18:05.827Z"}
info: Server started at http://localhost:5000/api/v1/ {"timestamp":"2022-02-07T16:18:09.265Z"}
info: Connected to the database. {"timestamp":"2022-02-07T16:18:09.280Z"}
info: Server started at http://localhost:5000/api/v1/ {"timestamp":"2022-02-07T16:18:52.079Z"}
info: Connected to the database. {"timestamp":"2022-02-07T16:18:52.093Z"}
info: Server started at http://localhost:5000/api/v1/ {"timestamp":"2022-02-07T16:19:01.881Z"}
info: Connected to the database. {"timestamp":"2022-02-07T16:19:01.897Z"}
info: Server started at http://localhost:5000/api/v1/ {"timestamp":"2022-02-07T16:19:58.200Z"}
info: Connected to the database. {"timestamp":"2022-02-07T16:19:58.216Z"}
info: Server started at http://localhost:5000/api/v1/ {"timestamp":"2022-02-07T16:20:01.019Z"}
info: Connected to the database. {"timestamp":"2022-02-07T16:20:01.034Z"}
info: Server started at http://localhost:5000/api/v1/ {"timestamp":"2022-02-07T16:22:17.171Z"}
info: Connected to the database. {"timestamp":"2022-02-07T16:22:17.189Z"}
info: Server started at http://localhost:5000/api/v1/ {"timestamp":"2022-02-07T16:22:24.858Z"}
info: Connected to the database. {"timestamp":"2022-02-07T16:22:24.875Z"}
info: Server started at http://localhost:5000/api/v1/ {"timestamp":"2022-02-07T16:22:28.186Z"}
info: Connected to the database. {"timestamp":"2022-02-07T16:22:28.200Z"}
info: Server started at http://localhost:5000/api/v1/ {"timestamp":"2022-02-07T16:23:52.627Z"}
info: Connected to the database. {"timestamp":"2022-02-07T16:23:52.651Z"}
info: Server started at http://localhost:5000/api/v1/ {"timestamp":"2022-02-07T16:24:41.353Z"}
info: Connected to the database. {"timestamp":"2022-02-07T16:24:41.369Z"}
error: 
    status - 500 
    message - TypeError: Cannot read property 'addressType' of undefined
    at _callee$ (E:\cfp\Book-store\book-store\src\services\/customerDetails.service.js:6:35)
    at tryCatch (E:\cfp\Book-store\book-store\node_modules\regenerator-runtime\runtime.js:63:40)
    at Generator.invoke [as _invoke] (E:\cfp\Book-store\book-store\node_modules\regenerator-runtime\runtime.js:294:22)
    at Generator.next (E:\cfp\Book-store\book-store\node_modules\regenerator-runtime\runtime.js:119:21)
    at asyncGeneratorStep (E:\cfp\Book-store\book-store\node_modules\@babel\runtime\helpers\asyncToGenerator.js:3:24)
    at _next (E:\cfp\Book-store\book-store\node_modules\@babel\runtime\helpers\asyncToGenerator.js:25:9)
    at E:\cfp\Book-store\book-store\node_modules\@babel\runtime\helpers\asyncToGenerator.js:32:7
    at new Promise (<anonymous>)
    at Object.<anonymous> (E:\cfp\Book-store\book-store\node_modules\@babel\runtime\helpers\asyncToGenerator.js:21:12)
    at Object.editCustomerDetails (E:\cfp\Book-store\book-store\src\services\/customerDetails.service.js:4:33) 
    url - /bookstore_user/customer_details 
    method - GET 
    IP - ::ffff:127.0.0.1
   {"timestamp":"2022-02-07T16:24:47.741Z"}
info: Server started at http://localhost:5000/api/v1/ {"timestamp":"2022-02-07T16:25:04.362Z"}
info: Connected to the database. {"timestamp":"2022-02-07T16:25:04.383Z"}
info: Server started at http://localhost:5000/api/v1/ {"timestamp":"2022-02-07T16:25:08.580Z"}
info: Connected to the database. {"timestamp":"2022-02-07T16:25:08.601Z"}
info: Server started at http://localhost:5000/api/v1/ {"timestamp":"2022-02-07T16:25:13.801Z"}
info: Connected to the database. {"timestamp":"2022-02-07T16:25:13.823Z"}
info: Server started at http://localhost:5000/api/v1/ {"timestamp":"2022-02-07T16:25:40.166Z"}
info: Connected to the database. {"timestamp":"2022-02-07T16:25:40.186Z"}
info: Server started at http://localhost:5000/api/v1/ {"timestamp":"2022-02-07T16:25:43.174Z"}
info: Connected to the database. {"timestamp":"2022-02-07T16:25:43.194Z"}
info: Server started at http://localhost:5000/api/v1/ {"timestamp":"2022-02-07T16:25:45.715Z"}
info: Connected to the database. {"timestamp":"2022-02-07T16:25:45.735Z"}
info: Server started at http://localhost:5000/api/v1/ {"timestamp":"2022-02-07T16:25:48.501Z"}
info: Connected to the database. {"timestamp":"2022-02-07T16:25:48.520Z"}
info: Server started at http://localhost:5000/api/v1/ {"timestamp":"2022-02-07T17:15:46.410Z"}
info: Connected to the database. {"timestamp":"2022-02-07T17:15:46.434Z"}
info: Server started at http://localhost:5000/api/v1/ {"timestamp":"2022-02-07T17:15:53.202Z"}
info: Connected to the database. {"timestamp":"2022-02-07T17:15:53.231Z"}
info: Server started at http://localhost:5000/api/v1/ {"timestamp":"2022-02-07T17:16:01.036Z"}
info: Connected to the database. {"timestamp":"2022-02-07T17:16:01.063Z"}
info: Server started at http://localhost:5000/api/v1/ {"timestamp":"2022-02-07T17:16:43.409Z"}
info: Connected to the database. {"timestamp":"2022-02-07T17:16:43.430Z"}
info: Server started at http://localhost:5000/api/v1/ {"timestamp":"2022-02-07T17:19:03.522Z"}
info: Connected to the database. {"timestamp":"2022-02-07T17:19:03.546Z"}
info: Server started at http://localhost:5000/api/v1/ {"timestamp":"2022-02-07T17:19:46.641Z"}
info: Connected to the database. {"timestamp":"2022-02-07T17:19:46.663Z"}
